<?xml version="1.0" encoding="UTF-8"?>
<!-- Generated by org.testng.reporters.JUnitXMLReporter -->
<testsuite ignored="0" hostname="PRADNYA" failures="0" tests="3" name="Default test" time="0.065" errors="0" timestamp="2023-04-27T17:00:06 IST">
  <testcase classname="com.SwagLabs.TestCases.Baseclass" name="@BeforeTest browserSetup" time="0.008">
    <failure type="java.lang.Error" message="Unresolved compilation problems: 
	The constructor CheckOutPage(WebDriver) is undefined
	OrderSummaryPage cannot be resolved to a type
">
      <![CDATA[java.lang.Error: Unresolved compilation problems: 
The constructor CheckOutPage(WebDriver) is undefined
OrderSummaryPage cannot be resolved to a type

at com.SwagLabs.TestCases.Baseclass.browserSetup(Baseclass.java:42)
at java.base/jdk.internal.reflect.NativeMethodAccessorImpl.invoke0(Native Method)
at java.base/jdk.internal.reflect.NativeMethodAccessorImpl.invoke(NativeMethodAccessorImpl.java:77)
at java.base/jdk.internal.reflect.DelegatingMethodAccessorImpl.invoke(DelegatingMethodAccessorImpl.java:43)
at java.base/java.lang.reflect.Method.invoke(Method.java:568)
at org.testng.internal.MethodInvocationHelper.invokeMethod(MethodInvocationHelper.java:133)
at org.testng.internal.MethodInvocationHelper.invokeMethodConsideringTimeout(MethodInvocationHelper.java:62)
at org.testng.internal.ConfigInvoker.invokeConfigurationMethod(ConfigInvoker.java:385)
at org.testng.internal.ConfigInvoker.invokeConfigurations(ConfigInvoker.java:321)
at org.testng.TestRunner.invokeTestConfigurations(TestRunner.java:637)
at org.testng.TestRunner.beforeRun(TestRunner.java:627)
at org.testng.TestRunner.run(TestRunner.java:589)
at org.testng.SuiteRunner.runTest(SuiteRunner.java:377)
at org.testng.SuiteRunner.runSequentially(SuiteRunner.java:371)
at org.testng.SuiteRunner.privateRun(SuiteRunner.java:332)
at org.testng.SuiteRunner.run(SuiteRunner.java:276)
at org.testng.SuiteRunnerWorker.runSuite(SuiteRunnerWorker.java:53)
at org.testng.SuiteRunnerWorker.run(SuiteRunnerWorker.java:96)
at org.testng.TestNG.runSuitesSequentially(TestNG.java:1212)
at org.testng.TestNG.runSuitesLocally(TestNG.java:1134)
at org.testng.TestNG.runSuites(TestNG.java:1063)
at org.testng.TestNG.run(TestNG.java:1031)
at org.testng.remote.AbstractRemoteTestNG.run(AbstractRemoteTestNG.java:115)
at org.testng.remote.RemoteTestNG.initAndRun(RemoteTestNG.java:251)
at org.testng.remote.RemoteTestNG.main(RemoteTestNG.java:77)
]]>
    </failure>
  </testcase> <!-- @BeforeTest browserSetup -->
  <testcase classname="com.SwagLabs.TestCases.Baseclass" name="@BeforeClass pageSetup" time="-1.682595006085E9">
    <skipped/>
  </testcase> <!-- @BeforeClass pageSetup -->
  <testcase classname="com.SwagLabs.TestCases.InventoryPageTest" name="verifyProductCount" time="0.0">
    <skipped/>
  </testcase> <!-- verifyProductCount -->
  <testcase classname="com.SwagLabs.TestCases.InventoryPageTest" name="verifyProductName" time="0.0">
    <skipped/>
  </testcase> <!-- verifyProductName -->
  <testcase classname="com.SwagLabs.TestCases.InventoryPageTest" name="verifyAddToCart" time="0.0">
    <skipped/>
  </testcase> <!-- verifyAddToCart -->
</testsuite> <!-- Default test -->
